<?xml version="1.0" encoding="utf-8" standalone="yes"?>
<coverage line-rate="0.007832898172323759" branch-rate="0" complexity="212" version="1.9" timestamp="1779515949" lines-covered="3" lines-valid="383" branches-valid="204">
  <packages>
    <package line-rate="0.007832898172323759" branch-rate="0" complexity="212" name="MiProyectoBackend.Tests">
      <classes>
        <class line-rate="0" branch-rate="1" complexity="1" name="Microsoft.AspNetCore.OpenApi.Generated.&lt;OpenApiXmlCommentSupport_generated&gt;F6146E3D524EAFD584A4990C1841A2D3034A968B9FD035E624673A5F2696E0369__XmlComment" filename="C:\Users\Mijael Ander\Documents\tallersoftware\gestionestadia\gestionhotel\MiProyectoBackend.Tests\obj\Debug\net10.0\Microsoft.AspNetCore.OpenApi.SourceGenerators\Microsoft.AspNetCore.OpenApi.SourceGenerators.XmlCommentGenerator\OpenApiXmlCommentSupport.generated.cs">
          <methods>
            <method line-rate="0" branch-rate="1" complexity="1" name=".ctor" signature="(string, string, string, string, string, bool, System.Collections.Generic.List&lt;string&gt;, System.Collections.Generic.List&lt;Microsoft.AspNetCore.OpenApi.Generated.&lt;OpenApiXmlCommentSupport_generated&gt;F6146E3D524EAFD584A4990C1841A2D3034A968B9FD035E624673A5F2696E0369__XmlParameterComment&gt;, System.Collections.Generic.List&lt;Microsoft.AspNetCore.OpenApi.Generated.&lt;OpenApiXmlCommentSupport_generated&gt;F6146E3D524EAFD584A4990C1841A2D3034A968B9FD035E624673A5F2696E0369__XmlResponseComment&gt;)">
              <lines>
                <line number="46" hits="0" branch="False" />
                <line number="47" hits="0" branch="False" />
                <line number="48" hits="0" branch="False" />
                <line number="49" hits="0" branch="False" />
                <line number="50" hits="0" branch="False" />
                <line number="51" hits="0" branch="False" />
                <line number="52" hits="0" branch="False" />
                <line number="53" hits="0" branch="False" />
                <line number="54" hits="0" branch="False" />
                <line number="55" hits="0" branch="False" />
              </lines>
            </method>
          </methods>
          <lines>
            <line number="46" hits="0" branch="False" />
            <line number="47" hits="0" branch="False" />
            <line number="48" hits="0" branch="False" />
            <line number="49" hits="0" branch="False" />
            <line number="50" hits="0" branch="False" />
            <line number="51" hits="0" branch="False" />
            <line number="52" hits="0" branch="False" />
            <line number="53" hits="0" branch="False" />
            <line number="54" hits="0" branch="False" />
            <line number="55" hits="0" branch="False" />
          </lines>
        </class>
        <class line-rate="0" branch-rate="1" complexity="1" name="Microsoft.AspNetCore.OpenApi.Generated.&lt;OpenApiXmlCommentSupport_generated&gt;F6146E3D524EAFD584A4990C1841A2D3034A968B9FD035E624673A5F2696E0369__XmlParameterComment" filename="C:\Users\Mijael Ander\Documents\tallersoftware\gestionestadia\gestionhotel\MiProyectoBackend.Tests\obj\Debug\net10.0\Microsoft.AspNetCore.OpenApi.SourceGenerators\Microsoft.AspNetCore.OpenApi.SourceGenerators.XmlCommentGenerator\OpenApiXmlCommentSupport.generated.cs">
          <methods>
            <method line-rate="0" branch-rate="1" complexity="1" name=".ctor" signature="(string, string, string, bool)">
              <lines>
                <line number="58" hits="0" branch="False" />
              </lines>
            </method>
          </methods>
          <lines>
            <line number="58" hits="0" branch="False" />
          </lines>
        </class>
        <class line-rate="0" branch-rate="1" complexity="1" name="Microsoft.AspNetCore.OpenApi.Generated.&lt;OpenApiXmlCommentSupport_generated&gt;F6146E3D524EAFD584A4990C1841A2D3034A968B9FD035E624673A5F2696E0369__XmlResponseComment" filename="C:\Users\Mijael Ander\Documents\tallersoftware\gestionestadia\gestionhotel\MiProyectoBackend.Tests\obj\Debug\net10.0\Microsoft.AspNetCore.OpenApi.SourceGenerators\Microsoft.AspNetCore.OpenApi.SourceGenerators.XmlCommentGenerator\OpenApiXmlCommentSupport.generated.cs">
          <methods>
            <method line-rate="0" branch-rate="1" complexity="1" name=".ctor" signature="(string, string, string)">
              <lines>
                <line number="61" hits="0" branch="False" />
              </lines>
            </method>
          </methods>
          <lines>
            <line number="61" hits="0" branch="False" />
          </lines>
        </class>
        <class line-rate="0" branch-rate="0" complexity="2" name="Microsoft.AspNetCore.OpenApi.Generated.&lt;OpenApiXmlCommentSupport_generated&gt;F6146E3D524EAFD584A4990C1841A2D3034A968B9FD035E624673A5F2696E0369__XmlCommentCache" filename="C:\Users\Mijael Ander\Documents\tallersoftware\gestionestadia\gestionhotel\MiProyectoBackend.Tests\obj\Debug\net10.0\Microsoft.AspNetCore.OpenApi.SourceGenerators\Microsoft.AspNetCore.OpenApi.SourceGenerators.XmlCommentGenerator\OpenApiXmlCommentSupport.generated.cs">
          <methods>
            <method line-rate="0" branch-rate="0" complexity="2" name="get_Cache" signature="()">
              <lines>
                <line number="67" hits="0" branch="True" condition-coverage="0% (0/2)">
                  <conditions>
                    <condition number="0" type="jump" coverage="0%" />
                  </conditions>
                </line>
              </lines>
            </method>
            <method line-rate="0" branch-rate="1" complexity="1" name="GenerateCacheEntries" signature="()">
              <lines>
                <line number="70" hits="0" branch="False" />
                <line number="71" hits="0" branch="False" />
                <line number="74" hits="0" branch="False" />
                <line number="75" hits="0" branch="False" />
              </lines>
            </method>
          </methods>
          <lines>
            <line number="67" hits="0" branch="True" condition-coverage="0% (0/2)">
              <conditions>
                <condition number="0" type="jump" coverage="0%" />
              </conditions>
            </line>
            <line number="70" hits="0" branch="False" />
            <line number="71" hits="0" branch="False" />
            <line number="74" hits="0" branch="False" />
            <line number="75" hits="0" branch="False" />
          </lines>
        </class>
        <class line-rate="0" branch-rate="0" complexity="68" name="Microsoft.AspNetCore.OpenApi.Generated.&lt;OpenApiXmlCommentSupport_generated&gt;F6146E3D524EAFD584A4990C1841A2D3034A968B9FD035E624673A5F2696E0369__DocumentationCommentIdHelper" filename="C:\Users\Mijael Ander\Documents\tallersoftware\gestionestadia\gestionhotel\MiProyectoBackend.Tests\obj\Debug\net10.0\Microsoft.AspNetCore.OpenApi.SourceGenerators\Microsoft.AspNetCore.OpenApi.SourceGenerators.XmlCommentGenerator\OpenApiXmlCommentSupport.generated.cs">
          <methods>
            <method line-rate="0" branch-rate="0" complexity="2" name="CreateDocumentationId" signature="(System.Type)">
              <lines>
                <line number="86" hits="0" branch="False" />
                <line number="87" hits="0" branch="True" condition-coverage="0% (0/2)">
                  <conditions>
                    <condition number="0" type="jump" coverage="0%" />
                  </conditions>
                </line>
                <line number="88" hits="0" branch="False" />
                <line number="89" hits="0" branch="False" />
                <line number="92" hits="0" branch="False" />
                <line number="93" hits="0" branch="False" />
              </lines>
            </method>
            <method line-rate="0" branch-rate="0" complexity="10" name="CreateDocumentationId" signature="(System.Reflection.PropertyInfo)">
              <lines>
                <line number="100" hits="0" branch="False" />
                <line number="101" hits="0" branch="True" condition-coverage="0% (0/2)">
                  <conditions>
                    <condition number="0" type="jump" coverage="0%" />
                  </conditions>
                </line>
                <line number="102" hits="0" branch="False" />
                <line number="103" hits="0" branch="False" />
                <line number="106" hits="0" branch="False" />
                <line number="107" hits="0" branch="False" />
                <line number="109" hits="0" branch="True" condition-coverage="0% (0/2)">
                  <conditions>
                    <condition number="0" type="jump" coverage="0%" />
                  </conditions>
                </line>
                <line number="110" hits="0" branch="False" />
                <line number="111" hits="0" branch="False" />
                <line number="112" hits="0" branch="False" />
                <line number="114" hits="0" branch="False" />
                <line number="115" hits="0" branch="False" />
                <line number="118" hits="0" branch="False" />
                <line number="119" hits="0" branch="True" condition-coverage="0% (0/2)">
                  <conditions>
                    <condition number="0" type="jump" coverage="0%" />
                  </conditions>
                </line>
                <line number="120" hits="0" branch="False" />
                <line number="121" hits="0" branch="False" />
                <line number="122" hits="0" branch="True" condition-coverage="0% (0/2)">
                  <conditions>
                    <condition number="0" type="jump" coverage="0%" />
                  </conditions>
                </line>
                <line number="123" hits="0" branch="False" />
                <line number="124" hits="0" branch="True" condition-coverage="0% (0/2)">
                  <conditions>
                    <condition number="0" type="jump" coverage="0%" />
                  </conditions>
                </line>
                <line number="125" hits="0" branch="False" />
                <line number="126" hits="0" branch="False" />
                <line number="127" hits="0" branch="False" />
                <line number="129" hits="0" branch="False" />
                <line number="130" hits="0" branch="False" />
                <line number="131" hits="0" branch="False" />
                <line number="132" hits="0" branch="False" />
                <line number="134" hits="0" branch="False" />
                <line number="135" hits="0" branch="False" />
              </lines>
            </method>
            <method line-rate="0" branch-rate="0" complexity="4" name="CreateDocumentationId" signature="(System.Type, string)">
              <lines>
                <line number="142" hits="0" branch="False" />
                <line number="143" hits="0" branch="True" condition-coverage="0% (0/2)">
                  <conditions>
                    <condition number="0" type="jump" coverage="0%" />
                  </conditions>
                </line>
                <line number="144" hits="0" branch="False" />
                <line number="145" hits="0" branch="False" />
                <line number="147" hits="0" branch="True" condition-coverage="0% (0/2)">
                  <conditions>
                    <condition number="0" type="jump" coverage="0%" />
                  </conditions>
                </line>
                <line number="148" hits="0" branch="False" />
                <line number="149" hits="0" branch="False" />
                <line number="152" hits="0" branch="False" />
                <line number="153" hits="0" branch="False" />
                <line number="154" hits="0" branch="False" />
                <line number="155" hits="0" branch="False" />
                <line number="156" hits="0" branch="False" />
                <line number="158" hits="0" branch="False" />
                <line number="159" hits="0" branch="False" />
              </lines>
            </method>
            <method line-rate="0" branch-rate="0" complexity="18" name="CreateDocumentationId" signature="(System.Reflection.MethodInfo)">
              <lines>
                <line number="168" hits="0" branch="False" />
                <line number="169" hits="0" branch="True" condition-coverage="0% (0/2)">
                  <conditions>
                    <condition number="0" type="jump" coverage="0%" />
                  </conditions>
                </line>
                <line number="170" hits="0" branch="False" />
                <line number="171" hits="0" branch="False" />
                <line number="174" hits="0" branch="False" />
                <line number="175" hits="0" branch="False" />
                <line number="178" hits="0" branch="True" condition-coverage="0% (0/2)">
                  <conditions>
                    <condition number="0" type="jump" coverage="0%" />
                  </conditions>
                </line>
                <line number="179" hits="0" branch="False" />
                <line number="180" hits="0" branch="False" />
                <line number="181" hits="0" branch="False" />
                <line number="183" hits="0" branch="False" />
                <line number="186" hits="0" branch="True" condition-coverage="0% (0/2)">
                  <conditions>
                    <condition number="0" type="jump" coverage="0%" />
                  </conditions>
                </line>
                <line number="187" hits="0" branch="False" />
                <line number="188" hits="0" branch="True" condition-coverage="0% (0/2)">
                  <conditions>
                    <condition number="0" type="jump" coverage="0%" />
                  </conditions>
                </line>
                <line number="189" hits="0" branch="False" />
                <line number="191" hits="0" branch="False" />
                <line number="192" hits="0" branch="False" />
                <line number="193" hits="0" branch="True" condition-coverage="0% (0/2)">
                  <conditions>
                    <condition number="0" type="jump" coverage="0%" />
                  </conditions>
                </line>
                <line number="194" hits="0" branch="False" />
                <line number="195" hits="0" branch="False" />
                <line number="196" hits="0" branch="False" />
                <line number="197" hits="0" branch="False" />
                <line number="198" hits="0" branch="False" />
                <line number="201" hits="0" branch="False" />
                <line number="202" hits="0" branch="True" condition-coverage="0% (0/2)">
                  <conditions>
                    <condition number="0" type="jump" coverage="0%" />
                  </conditions>
                </line>
                <line number="203" hits="0" branch="False" />
                <line number="204" hits="0" branch="False" />
                <line number="205" hits="0" branch="True" condition-coverage="0% (0/2)">
                  <conditions>
                    <condition number="0" type="jump" coverage="0%" />
                  </conditions>
                </line>
                <line number="206" hits="0" branch="False" />
                <line number="207" hits="0" branch="True" condition-coverage="0% (0/2)">
                  <conditions>
                    <condition number="0" type="jump" coverage="0%" />
                  </conditions>
                </line>
                <line number="208" hits="0" branch="False" />
                <line number="209" hits="0" branch="False" />
                <line number="210" hits="0" branch="False" />
                <line number="213" hits="0" branch="False" />
                <line number="214" hits="0" branch="False" />
                <line number="215" hits="0" branch="False" />
                <line number="216" hits="0" branch="False" />
                <line number="219" hits="0" branch="True" condition-coverage="0% (0/2)">
                  <conditions>
                    <condition number="0" type="jump" coverage="0%" />
                  </conditions>
                </line>
                <line number="220" hits="0" branch="False" />
                <line number="221" hits="0" branch="False" />
                <line number="223" hits="0" branch="False" />
                <line number="224" hits="0" branch="False" />
                <line number="226" hits="0" branch="False" />
                <line number="227" hits="0" branch="False" />
              </lines>
            </method>
            <method line-rate="0" branch-rate="0" complexity="28" name="GetTypeDocId" signature="(System.Type, bool, bool)">
              <lines>
                <line number="238" hits="0" branch="False" />
                <line number="239" hits="0" branch="True" condition-coverage="0% (0/2)">
                  <conditions>
                    <condition number="0" type="jump" coverage="0%" />
                  </conditions>
                </line>
                <line number="240" hits="0" branch="False" />
                <line number="242" hits="0" branch="True" condition-coverage="0% (0/2)">
                  <conditions>
                    <condition number="0" type="jump" coverage="0%" />
                  </conditions>
                </line>
                <line number="243" hits="0" branch="False" />
                <line number="244" hits="0" branch="False" />
                <line number="246" hits="0" branch="True" condition-coverage="0% (0/2)">
                  <conditions>
                    <condition number="0" type="jump" coverage="0%" />
                  </conditions>
                </line>
                <line number="247" hits="0" branch="False" />
                <line number="248" hits="0" branch="False" />
                <line number="251" hits="0" branch="False" />
                <line number="252" hits="0" branch="False" />
                <line number="256" hits="0" branch="True" condition-coverage="0% (0/2)">
                  <conditions>
                    <condition number="0" type="jump" coverage="0%" />
                  </conditions>
                </line>
                <line number="257" hits="0" branch="False" />
                <line number="258" hits="0" branch="False" />
                <line number="259" hits="0" branch="True" condition-coverage="0% (0/2)">
                  <conditions>
                    <condition number="0" type="jump" coverage="0%" />
                  </conditions>
                </line>
                <line number="261" hits="0" branch="False" />
                <line number="264" hits="0" branch="True" condition-coverage="0% (0/2)">
                  <conditions>
                    <condition number="0" type="jump" coverage="0%" />
                  </conditions>
                </line>
                <line number="265" hits="0" branch="False" />
                <line number="266" hits="0" branch="False" />
                <line number="267" hits="0" branch="True" condition-coverage="0% (0/2)">
                  <conditions>
                    <condition number="0" type="jump" coverage="0%" />
                  </conditions>
                </line>
                <line number="268" hits="0" branch="False" />
                <line number="269" hits="0" branch="False" />
                <line number="270" hits="0" branch="False" />
                <line number="271" hits="0" branch="True" condition-coverage="0% (0/2)">
                  <conditions>
                    <condition number="0" type="jump" coverage="0%" />
                  </conditions>
                </line>
                <line number="272" hits="0" branch="False" />
                <line number="273" hits="0" branch="False" />
                <line number="276" hits="0" branch="False" />
                <line number="277" hits="0" branch="False" />
                <line number="278" hits="0" branch="False" />
                <line number="279" hits="0" branch="False" />
                <line number="281" hits="0" branch="True" condition-coverage="0% (0/2)">
                  <conditions>
                    <condition number="0" type="jump" coverage="0%" />
                  </conditions>
                </line>
                <line number="282" hits="0" branch="False" />
                <line number="283" hits="0" branch="False" />
                <line number="284" hits="0" branch="False" />
                <line number="285" hits="0" branch="False" />
                <line number="286" hits="0" branch="False" />
                <line number="288" hits="0" branch="True" condition-coverage="0% (0/4)">
                  <conditions>
                    <condition number="0" type="jump" coverage="0%" />
                    <condition number="1" type="jump" coverage="0%" />
                  </conditions>
                </line>
                <line number="289" hits="0" branch="False" />
                <line number="290" hits="0" branch="False" />
                <line number="291" hits="0" branch="False" />
                <line number="293" hits="0" branch="True" condition-coverage="0% (0/2)">
                  <conditions>
                    <condition number="0" type="jump" coverage="0%" />
                  </conditions>
                </line>
                <line number="294" hits="0" branch="False" />
                <line number="295" hits="0" branch="True" condition-coverage="0% (0/2)">
                  <conditions>
                    <condition number="0" type="jump" coverage="0%" />
                  </conditions>
                </line>
                <line number="296" hits="0" branch="False" />
                <line number="297" hits="0" branch="False" />
                <line number="298" hits="0" branch="False" />
                <line number="300" hits="0" branch="False" />
                <line number="301" hits="0" branch="False" />
                <line number="303" hits="0" branch="False" />
                <line number="304" hits="0" branch="False" />
                <line number="306" hits="0" branch="False" />
                <line number="310" hits="0" branch="True" condition-coverage="0% (0/2)">
                  <conditions>
                    <condition number="0" type="jump" coverage="0%" />
                  </conditions>
                </line>
                <line number="311" hits="0" branch="False" />
              </lines>
            </method>
            <method line-rate="0" branch-rate="0" complexity="6" name="NormalizeDocId" signature="(string)">
              <lines>
                <line number="320" hits="0" branch="False" />
                <line number="322" hits="0" branch="False" />
                <line number="323" hits="0" branch="True" condition-coverage="0% (0/2)">
                  <conditions>
                    <condition number="0" type="jump" coverage="0%" />
                  </conditions>
                </line>
                <line number="324" hits="0" branch="False" />
                <line number="326" hits="0" branch="False" />
                <line number="331" hits="0" branch="True" condition-coverage="0% (0/4)">
                  <conditions>
                    <condition number="0" type="jump" coverage="0%" />
                    <condition number="1" type="jump" coverage="0%" />
                  </conditions>
                </line>
                <line number="332" hits="0" branch="False" />
                <line number="333" hits="0" branch="False" />
                <line number="337" hits="0" branch="False" />
                <line number="338" hits="0" branch="False" />
              </lines>
            </method>
          </methods>
          <lines>
            <line number="86" hits="0" branch="False" />
            <line number="87" hits="0" branch="True" condition-coverage="0% (0/2)">
              <conditions>
                <condition number="0" type="jump" coverage="0%" />
              </conditions>
            </line>
            <line number="88" hits="0" branch="False" />
            <line number="89" hits="0" branch="False" />
            <line number="92" hits="0" branch="False" />
            <line number="93" hits="0" branch="False" />
            <line number="100" hits="0" branch="False" />
            <line number="101" hits="0" branch="True" condition-coverage="0% (0/2)">
              <conditions>
                <condition number="0" type="jump" coverage="0%" />
              </conditions>
            </line>
            <line number="102" hits="0" branch="False" />
            <line number="103" hits="0" branch="False" />
            <line number="106" hits="0" branch="False" />
            <line number="107" hits="0" branch="False" />
            <line number="109" hits="0" branch="True" condition-coverage="0% (0/2)">
              <conditions>
                <condition number="0" type="jump" coverage="0%" />
              </conditions>
            </line>
            <line number="110" hits="0" branch="False" />
            <line number="111" hits="0" branch="False" />
            <line number="112" hits="0" branch="False" />
            <line number="114" hits="0" branch="False" />
            <line number="115" hits="0" branch="False" />
            <line number="118" hits="0" branch="False" />
            <line number="119" hits="0" branch="True" condition-coverage="0% (0/2)">
              <conditions>
                <condition number="0" type="jump" coverage="0%" />
              </conditions>
            </line>
            <line number="120" hits="0" branch="False" />
            <line number="121" hits="0" branch="False" />
            <line number="122" hits="0" branch="True" condition-coverage="0% (0/2)">
              <conditions>
                <condition number="0" type="jump" coverage="0%" />
              </conditions>
            </line>
            <line number="123" hits="0" branch="False" />
            <line number="124" hits="0" branch="True" condition-coverage="0% (0/2)">
              <conditions>
                <condition number="0" type="jump" coverage="0%" />
              </conditions>
            </line>
            <line number="125" hits="0" branch="False" />
            <line number="126" hits="0" branch="False" />
            <line number="127" hits="0" branch="False" />
            <line number="129" hits="0" branch="False" />
            <line number="130" hits="0" branch="False" />
            <line number="131" hits="0" branch="False" />
            <line number="132" hits="0" branch="False" />
            <line number="134" hits="0" branch="False" />
            <line number="135" hits="0" branch="False" />
            <line number="142" hits="0" branch="False" />
            <line number="143" hits="0" branch="True" condition-coverage="0% (0/2)">
              <conditions>
                <condition number="0" type="jump" coverage="0%" />
              </conditions>
            </line>
            <line number="144" hits="0" branch="False" />
            <line number="145" hits="0" branch="False" />
            <line number="147" hits="0" branch="True" condition-coverage="0% (0/2)">
              <conditions>
                <condition number="0" type="jump" coverage="0%" />
              </conditions>
            </line>
            <line number="148" hits="0" branch="False" />
            <line number="149" hits="0" branch="False" />
            <line number="152" hits="0" branch="False" />
            <line number="153" hits="0" branch="False" />
            <line number="154" hits="0" branch="False" />
            <line number="155" hits="0" branch="False" />
            <line number="156" hits="0" branch="False" />
            <line number="158" hits="0" branch="False" />
            <line number="159" hits="0" branch="False" />
            <line number="168" hits="0" branch="False" />
            <line number="169" hits="0" branch="True" condition-coverage="0% (0/2)">
              <conditions>
                <condition number="0" type="jump" coverage="0%" />
              </conditions>
            </line>
            <line number="170" hits="0" branch="False" />
            <line number="171" hits="0" branch="False" />
            <line number="174" hits="0" branch="False" />
            <line number="175" hits="0" branch="False" />
            <line number="178" hits="0" branch="True" condition-coverage="0% (0/2)">
              <conditions>
                <condition number="0" type="jump" coverage="0%" />
              </conditions>
            </line>
            <line number="179" hits="0" branch="False" />
            <line number="180" hits="0" branch="False" />
            <line number="181" hits="0" branch="False" />
            <line number="183" hits="0" branch="False" />
            <line number="186" hits="0" branch="True" condition-coverage="0% (0/2)">
              <conditions>
                <condition number="0" type="jump" coverage="0%" />
              </conditions>
            </line>
            <line number="187" hits="0" branch="False" />
            <line number="188" hits="0" branch="True" condition-coverage="0% (0/2)">
              <conditions>
                <condition number="0" type="jump" coverage="0%" />
              </conditions>
            </line>
            <line number="189" hits="0" branch="False" />
            <line number="191" hits="0" branch="False" />
            <line number="192" hits="0" branch="False" />
            <line number="193" hits="0" branch="True" condition-coverage="0% (0/2)">
              <conditions>
                <condition number="0" type="jump" coverage="0%" />
              </conditions>
            </line>
            <line number="194" hits="0" branch="False" />
            <line number="195" hits="0" branch="False" />
            <line number="196" hits="0" branch="False" />
            <line number="197" hits="0" branch="False" />
            <line number="198" hits="0" branch="False" />
            <line number="201" hits="0" branch="False" />
            <line number="202" hits="0" branch="True" condition-coverage="0% (0/2)">
              <conditions>
                <condition number="0" type="jump" coverage="0%" />
              </conditions>
            </line>
            <line number="203" hits="0" branch="False" />
            <line number="204" hits="0" branch="False" />
            <line number="205" hits="0" branch="True" condition-coverage="0% (0/2)">
              <conditions>
                <condition number="0" type="jump" coverage="0%" />
              </conditions>
            </line>
            <line number="206" hits="0" branch="False" />
            <line number="207" hits="0" branch="True" condition-coverage="0% (0/2)">
              <conditions>
                <condition number="0" type="jump" coverage="0%" />
              </conditions>
            </line>
            <line number="208" hits="0" branch="False" />
            <line number="209" hits="0" branch="False" />
            <line number="210" hits="0" branch="False" />
            <line number="213" hits="0" branch="False" />
            <line number="214" hits="0" branch="False" />
            <line number="215" hits="0" branch="False" />
            <line number="216" hits="0" branch="False" />
            <line number="219" hits="0" branch="True" condition-coverage="0% (0/2)">
              <conditions>
                <condition number="0" type="jump" coverage="0%" />
              </conditions>
            </line>
            <line number="220" hits="0" branch="False" />
            <line number="221" hits="0" branch="False" />
            <line number="223" hits="0" branch="False" />
            <line number="224" hits="0" branch="False" />
            <line number="226" hits="0" branch="False" />
            <line number="227" hits="0" branch="False" />
            <line number="238" hits="0" branch="False" />
            <line number="239" hits="0" branch="True" condition-coverage="0% (0/2)">
              <conditions>
                <condition number="0" type="jump" coverage="0%" />
              </conditions>
            </line>
            <line number="240" hits="0" branch="False" />
            <line number="242" hits="0" branch="True" condition-coverage="0% (0/2)">
              <conditions>
                <condition number="0" type="jump" coverage="0%" />
              </conditions>
            </line>
            <line number="243" hits="0" branch="False" />
            <line number="244" hits="0" branch="False" />
            <line number="246" hits="0" branch="True" condition-coverage="0% (0/2)">
              <conditions>
                <condition number="0" type="jump" coverage="0%" />
              </conditions>
            </line>
            <line number="247" hits="0" branch="False" />
            <line number="248" hits="0" branch="False" />
            <line number="251" hits="0" branch="False" />
            <line number="252" hits="0" branch="False" />
            <line number="256" hits="0" branch="True" condition-coverage="0% (0/2)">
              <conditions>
                <condition number="0" type="jump" coverage="0%" />
              </conditions>
            </line>
            <line number="257" hits="0" branch="False" />
            <line number="258" hits="0" branch="False" />
            <line number="259" hits="0" branch="True" condition-coverage="0% (0/2)">
              <conditions>
                <condition number="0" type="jump" coverage="0%" />
              </conditions>
            </line>
            <line number="261" hits="0" branch="False" />
            <line number="264" hits="0" branch="True" condition-coverage="0% (0/2)">
              <conditions>
                <condition number="0" type="jump" coverage="0%" />
              </conditions>
            </line>
            <line number="265" hits="0" branch="False" />
            <line number="266" hits="0" branch="False" />
            <line number="267" hits="0" branch="True" condition-coverage="0% (0/2)">
              <conditions>
                <condition number="0" type="jump" coverage="0%" />
              </conditions>
            </line>
            <line number="268" hits="0" branch="False" />
            <line number="269" hits="0" branch="False" />
            <line number="270" hits="0" branch="False" />
            <line number="271" hits="0" branch="True" condition-coverage="0% (0/2)">
              <conditions>
                <condition number="0" type="jump" coverage="0%" />
              </conditions>
            </line>
            <line number="272" hits="0" branch="False" />
            <line number="273" hits="0" branch="False" />
            <line number="276" hits="0" branch="False" />
            <line number="277" hits="0" branch="False" />
            <line number="278" hits="0" branch="False" />
            <line number="279" hits="0" branch="False" />
            <line number="281" hits="0" branch="True" condition-coverage="0% (0/2)">
              <conditions>
                <condition number="0" type="jump" coverage="0%" />
              </conditions>
            </line>
            <line number="282" hits="0" branch="False" />
            <line number="283" hits="0" branch="False" />
            <line number="284" hits="0" branch="False" />
            <line number="285" hits="0" branch="False" />
            <line number="286" hits="0" branch="False" />
            <line number="288" hits="0" branch="True" condition-coverage="0% (0/4)">
              <conditions>
                <condition number="0" type="jump" coverage="0%" />
                <condition number="1" type="jump" coverage="0%" />
              </conditions>
            </line>
            <line number="289" hits="0" branch="False" />
            <line number="290" hits="0" branch="False" />
            <line number="291" hits="0" branch="False" />
            <line number="293" hits="0" branch="True" condition-coverage="0% (0/2)">
              <conditions>
                <condition number="0" type="jump" coverage="0%" />
              </conditions>
            </line>
            <line number="294" hits="0" branch="False" />
            <line number="295" hits="0" branch="True" condition-coverage="0% (0/2)">
              <conditions>
                <condition number="0" type="jump" coverage="0%" />
              </conditions>
            </line>
            <line number="296" hits="0" branch="False" />
            <line number="297" hits="0" branch="False" />
            <line number="298" hits="0" branch="False" />
            <line number="300" hits="0" branch="False" />
            <line number="301" hits="0" branch="False" />
            <line number="303" hits="0" branch="False" />
            <line number="304" hits="0" branch="False" />
            <line number="306" hits="0" branch="False" />
            <line number="310" hits="0" branch="True" condition-coverage="0% (0/2)">
              <conditions>
                <condition number="0" type="jump" coverage="0%" />
              </conditions>
            </line>
            <line number="311" hits="0" branch="False" />
            <line number="320" hits="0" branch="False" />
            <line number="322" hits="0" branch="False" />
            <line number="323" hits="0" branch="True" condition-coverage="0% (0/2)">
              <conditions>
                <condition number="0" type="jump" coverage="0%" />
              </conditions>
            </line>
            <line number="324" hits="0" branch="False" />
            <line number="326" hits="0" branch="False" />
            <line number="331" hits="0" branch="True" condition-coverage="0% (0/4)">
              <conditions>
                <condition number="0" type="jump" coverage="0%" />
                <condition number="1" type="jump" coverage="0%" />
              </conditions>
            </line>
            <line number="332" hits="0" branch="False" />
            <line number="333" hits="0" branch="False" />
            <line number="337" hits="0" branch="False" />
            <line number="338" hits="0" branch="False" />
          </lines>
        </class>
        <class line-rate="0" branch-rate="0" complexity="98" name="Microsoft.AspNetCore.OpenApi.Generated.&lt;OpenApiXmlCommentSupport_generated&gt;F6146E3D524EAFD584A4990C1841A2D3034A968B9FD035E624673A5F2696E0369__XmlCommentOperationTransformer" filename="C:\Users\Mijael Ander\Documents\tallersoftware\gestionestadia\gestionhotel\MiProyectoBackend.Tests\obj\Debug\net10.0\Microsoft.AspNetCore.OpenApi.SourceGenerators\Microsoft.AspNetCore.OpenApi.SourceGenerators.XmlCommentGenerator\OpenApiXmlCommentSupport.generated.cs">
          <methods>
            <method line-rate="0" branch-rate="0" complexity="92" name="TransformAsync" signature="(Microsoft.OpenApi.OpenApiOperation, Microsoft.AspNetCore.OpenApi.OpenApiOperationTransformerContext, System.Threading.CancellationToken)">
              <lines>
                <line number="345" hits="0" branch="False" />
                <line number="346" hits="0" branch="True" condition-coverage="0% (0/2)">
                  <conditions>
                    <condition number="0" type="jump" coverage="0%" />
                  </conditions>
                </line>
                <line number="347" hits="0" branch="False" />
                <line number="348" hits="0" branch="False" />
                <line number="350" hits="0" branch="True" condition-coverage="0% (0/2)">
                  <conditions>
                    <condition number="0" type="jump" coverage="0%" />
                  </conditions>
                </line>
                <line number="351" hits="0" branch="False" />
                <line number="352" hits="0" branch="False" />
                <line number="354" hits="0" branch="True" condition-coverage="0% (0/2)">
                  <conditions>
                    <condition number="0" type="jump" coverage="0%" />
                  </conditions>
                </line>
                <line number="355" hits="0" branch="False" />
                <line number="356" hits="0" branch="True" condition-coverage="0% (0/2)">
                  <conditions>
                    <condition number="0" type="jump" coverage="0%" />
                  </conditions>
                </line>
                <line number="357" hits="0" branch="False" />
                <line number="358" hits="0" branch="False" />
                <line number="359" hits="0" branch="False" />
                <line number="360" hits="0" branch="True" condition-coverage="0% (0/2)">
                  <conditions>
                    <condition number="0" type="jump" coverage="0%" />
                  </conditions>
                </line>
                <line number="361" hits="0" branch="False" />
                <line number="362" hits="0" branch="False" />
                <line number="363" hits="0" branch="False" />
                <line number="364" hits="0" branch="True" condition-coverage="0% (0/2)">
                  <conditions>
                    <condition number="0" type="jump" coverage="0%" />
                  </conditions>
                </line>
                <line number="365" hits="0" branch="False" />
                <line number="366" hits="0" branch="False" />
                <line number="367" hits="0" branch="False" />
                <line number="368" hits="0" branch="True" condition-coverage="0% (0/4)">
                  <conditions>
                    <condition number="0" type="jump" coverage="0%" />
                    <condition number="1" type="jump" coverage="0%" />
                  </conditions>
                </line>
                <line number="369" hits="0" branch="False" />
                <line number="370" hits="0" branch="True" condition-coverage="0% (0/2)">
                  <conditions>
                    <condition number="0" type="jump" coverage="0%" />
                  </conditions>
                </line>
                <line number="371" hits="0" branch="False" />
                <line number="372" hits="0" branch="False" />
                <line number="373" hits="0" branch="True" condition-coverage="0% (0/2)">
                  <conditions>
                    <condition number="0" type="jump" coverage="0%" />
                  </conditions>
                </line>
                <line number="374" hits="0" branch="True" condition-coverage="0% (0/2)">
                  <conditions>
                    <condition number="0" type="jump" coverage="0%" />
                  </conditions>
                </line>
                <line number="375" hits="0" branch="False" />
                <line number="376" hits="0" branch="False" />
                <line number="377" hits="0" branch="False" />
                <line number="378" hits="0" branch="True" condition-coverage="0% (0/2)">
                  <conditions>
                    <condition number="0" type="jump" coverage="0%" />
                  </conditions>
                </line>
                <line number="379" hits="0" branch="False" />
                <line number="380" hits="0" branch="False" />
                <line number="381" hits="0" branch="False" />
                <line number="382" hits="0" branch="False" />
                <line number="383" hits="0" branch="False" />
                <line number="385" hits="0" branch="False" />
                <line number="386" hits="0" branch="False" />
                <line number="387" hits="0" branch="True" condition-coverage="0% (0/2)">
                  <conditions>
                    <condition number="0" type="jump" coverage="0%" />
                  </conditions>
                </line>
                <line number="388" hits="0" branch="False" />
                <line number="389" hits="0" branch="False" />
                <line number="390" hits="0" branch="True" condition-coverage="0% (0/2)">
                  <conditions>
                    <condition number="0" type="jump" coverage="0%" />
                  </conditions>
                </line>
                <line number="391" hits="0" branch="False" />
                <line number="392" hits="0" branch="True" condition-coverage="0% (0/4)">
                  <conditions>
                    <condition number="0" type="jump" coverage="0%" />
                    <condition number="1" type="jump" coverage="0%" />
                  </conditions>
                </line>
                <line number="393" hits="0" branch="True" condition-coverage="0% (0/2)">
                  <conditions>
                    <condition number="0" type="jump" coverage="0%" />
                  </conditions>
                </line>
                <line number="394" hits="0" branch="False" />
                <line number="395" hits="0" branch="False" />
                <line number="397" hits="0" branch="True" condition-coverage="0% (0/2)">
                  <conditions>
                    <condition number="0" type="jump" coverage="0%" />
                  </conditions>
                </line>
                <line number="398" hits="0" branch="False" />
                <line number="399" hits="0" branch="False" />
                <line number="400" hits="0" branch="False" />
                <line number="401" hits="0" branch="False" />
                <line number="402" hits="0" branch="False" />
                <line number="403" hits="0" branch="False" />
                <line number="404" hits="0" branch="False" />
                <line number="405" hits="0" branch="False" />
                <line number="407" hits="0" branch="True" condition-coverage="0% (0/6)">
                  <conditions>
                    <condition number="0" type="jump" coverage="0%" />
                    <condition number="1" type="jump" coverage="0%" />
                    <condition number="2" type="jump" coverage="0%" />
                  </conditions>
                </line>
                <line number="408" hits="0" branch="False" />
                <line number="409" hits="0" branch="False" />
                <line number="410" hits="0" branch="False" />
                <line number="411" hits="0" branch="False" />
                <line number="413" hits="0" branch="True" condition-coverage="0% (0/8)">
                  <conditions>
                    <condition number="0" type="jump" coverage="0%" />
                    <condition number="1" type="jump" coverage="0%" />
                    <condition number="2" type="jump" coverage="0%" />
                    <condition number="3" type="jump" coverage="0%" />
                  </conditions>
                </line>
                <line number="414" hits="0" branch="False" />
                <line number="415" hits="0" branch="True" condition-coverage="0% (0/2)">
                  <conditions>
                    <condition number="0" type="jump" coverage="0%" />
                  </conditions>
                </line>
                <line number="416" hits="0" branch="False" />
                <line number="417" hits="0" branch="False" />
                <line number="418" hits="0" branch="True" condition-coverage="0% (0/2)">
                  <conditions>
                    <condition number="0" type="jump" coverage="0%" />
                  </conditions>
                </line>
                <line number="419" hits="0" branch="False" />
                <line number="420" hits="0" branch="False" />
                <line number="421" hits="0" branch="False" />
                <line number="422" hits="0" branch="False" />
                <line number="423" hits="0" branch="False" />
                <line number="424" hits="0" branch="False" />
                <line number="425" hits="0" branch="True" condition-coverage="0% (0/2)">
                  <conditions>
                    <condition number="0" type="jump" coverage="0%" />
                  </conditions>
                </line>
                <line number="426" hits="0" branch="False" />
                <line number="427" hits="0" branch="False" />
                <line number="428" hits="0" branch="True" condition-coverage="0% (0/6)">
                  <conditions>
                    <condition number="0" type="jump" coverage="0%" />
                    <condition number="1" type="jump" coverage="0%" />
                    <condition number="2" type="jump" coverage="0%" />
                  </conditions>
                </line>
                <line number="429" hits="0" branch="False" />
                <line number="430" hits="0" branch="False" />
                <line number="431" hits="0" branch="False" />
                <line number="432" hits="0" branch="False" />
                <line number="433" hits="0" branch="True" condition-coverage="0% (0/2)">
                  <conditions>
                    <condition number="0" type="jump" coverage="0%" />
                  </conditions>
                </line>
                <line number="434" hits="0" branch="False" />
                <line number="435" hits="0" branch="True" condition-coverage="0% (0/2)">
                  <conditions>
                    <condition number="0" type="jump" coverage="0%" />
                  </conditions>
                </line>
                <line number="436" hits="0" branch="False" />
                <line number="437" hits="0" branch="True" condition-coverage="0% (0/4)">
                  <conditions>
                    <condition number="0" type="jump" coverage="0%" />
                    <condition number="1" type="jump" coverage="0%" />
                  </conditions>
                </line>
                <line number="438" hits="0" branch="False" />
                <line number="439" hits="0" branch="False" />
                <line number="440" hits="0" branch="False" />
                <line number="441" hits="0" branch="True" condition-coverage="0% (0/2)">
                  <conditions>
                    <condition number="0" type="jump" coverage="0%" />
                  </conditions>
                </line>
                <line number="442" hits="0" branch="False" />
                <line number="443" hits="0" branch="False" />
                <line number="444" hits="0" branch="False" />
                <line number="445" hits="0" branch="True" condition-coverage="0% (0/2)">
                  <conditions>
                    <condition number="0" type="jump" coverage="0%" />
                  </conditions>
                </line>
                <line number="446" hits="0" branch="False" />
                <line number="447" hits="0" branch="True" condition-coverage="0% (0/2)">
                  <conditions>
                    <condition number="0" type="jump" coverage="0%" />
                  </conditions>
                </line>
                <line number="448" hits="0" branch="False" />
                <line number="449" hits="0" branch="False" />
                <line number="450" hits="0" branch="True" condition-coverage="0% (0/4)">
                  <conditions>
                    <condition number="0" type="jump" coverage="0%" />
                    <condition number="1" type="jump" coverage="0%" />
                  </conditions>
                </line>
                <line number="451" hits="0" branch="False" />
                <line number="452" hits="0" branch="True" condition-coverage="0% (0/2)">
                  <conditions>
                    <condition number="0" type="jump" coverage="0%" />
                  </conditions>
                </line>
                <line number="453" hits="0" branch="True" condition-coverage="0% (0/2)">
                  <conditions>
                    <condition number="0" type="jump" coverage="0%" />
                  </conditions>
                </line>
                <line number="454" hits="0" branch="False" />
                <line number="455" hits="0" branch="False" />
                <line number="457" hits="0" branch="False" />
                <line number="458" hits="0" branch="True" condition-coverage="0% (0/2)">
                  <conditions>
                    <condition number="0" type="jump" coverage="0%" />
                  </conditions>
                </line>
                <line number="459" hits="0" branch="False" />
                <line number="460" hits="0" branch="False" />
                <line number="461" hits="0" branch="False" />
                <line number="462" hits="0" branch="False" />
                <line number="463" hits="0" branch="False" />
                <line number="464" hits="0" branch="False" />
                <line number="466" hits="0" branch="False" />
                <line number="467" hits="0" branch="True" condition-coverage="0% (0/2)">
                  <conditions>
                    <condition number="0" type="jump" coverage="0%" />
                  </conditions>
                </line>
                <line number="468" hits="0" branch="False" />
                <line number="469" hits="0" branch="False" />
                <line number="470" hits="0" branch="True" condition-coverage="0% (0/4)">
                  <conditions>
                    <condition number="0" type="jump" coverage="0%" />
                    <condition number="1" type="jump" coverage="0%" />
                  </conditions>
                </line>
                <line number="471" hits="0" branch="False" />
                <line number="472" hits="0" branch="False" />
                <line number="473" hits="0" branch="False" />
                <line number="474" hits="0" branch="False" />
                <line number="475" hits="0" branch="False" />
                <line number="476" hits="0" branch="False" />
                <line number="477" hits="0" branch="False" />
                <line number="479" hits="0" branch="False" />
                <line number="480" hits="0" branch="False" />
              </lines>
            </method>
            <method line-rate="0" branch-rate="0" complexity="6" name="UnwrapOpenApiParameter" signature="(Microsoft.OpenApi.IOpenApiParameter)">
              <lines>
                <line number="483" hits="0" branch="False" />
                <line number="484" hits="0" branch="True" condition-coverage="0% (0/2)">
                  <conditions>
                    <condition number="0" type="jump" coverage="0%" />
                  </conditions>
                </line>
                <line number="485" hits="0" branch="False" />
                <line number="486" hits="0" branch="True" condition-coverage="0% (0/2)">
                  <conditions>
                    <condition number="0" type="jump" coverage="0%" />
                  </conditions>
                </line>
                <line number="487" hits="0" branch="False" />
                <line number="488" hits="0" branch="False" />
                <line number="491" hits="0" branch="False" />
                <line number="492" hits="0" branch="False" />
                <line number="495" hits="0" branch="True" condition-coverage="0% (0/2)">
                  <conditions>
                    <condition number="0" type="jump" coverage="0%" />
                  </conditions>
                </line>
                <line number="496" hits="0" branch="False" />
                <line number="497" hits="0" branch="False" />
                <line number="500" hits="0" branch="False" />
                <line number="501" hits="0" branch="False" />
                <line number="503" hits="0" branch="False" />
              </lines>
            </method>
          </methods>
          <lines>
            <line number="345" hits="0" branch="False" />
            <line number="346" hits="0" branch="True" condition-coverage="0% (0/2)">
              <conditions>
                <condition number="0" type="jump" coverage="0%" />
              </conditions>
            </line>
            <line number="347" hits="0" branch="False" />
            <line number="348" hits="0" branch="False" />
            <line number="350" hits="0" branch="True" condition-coverage="0% (0/2)">
              <conditions>
                <condition number="0" type="jump" coverage="0%" />
              </conditions>
            </line>
            <line number="351" hits="0" branch="False" />
            <line number="352" hits="0" branch="False" />
            <line number="354" hits="0" branch="True" condition-coverage="0% (0/2)">
              <conditions>
                <condition number="0" type="jump" coverage="0%" />
              </conditions>
            </line>
            <line number="355" hits="0" branch="False" />
            <line number="356" hits="0" branch="True" condition-coverage="0% (0/2)">
              <conditions>
                <condition number="0" type="jump" coverage="0%" />
              </conditions>
            </line>
            <line number="357" hits="0" branch="False" />
            <line number="358" hits="0" branch="False" />
            <line number="359" hits="0" branch="False" />
            <line number="360" hits="0" branch="True" condition-coverage="0% (0/2)">
              <conditions>
                <condition number="0" type="jump" coverage="0%" />
              </conditions>
            </line>
            <line number="361" hits="0" branch="False" />
            <line number="362" hits="0" branch="False" />
            <line number="363" hits="0" branch="False" />
            <line number="364" hits="0" branch="True" condition-coverage="0% (0/2)">
              <conditions>
                <condition number="0" type="jump" coverage="0%" />
              </conditions>
            </line>
            <line number="365" hits="0" branch="False" />
            <line number="366" hits="0" branch="False" />
            <line number="367" hits="0" branch="False" />
            <line number="368" hits="0" branch="True" condition-coverage="0% (0/4)">
              <conditions>
                <condition number="0" type="jump" coverage="0%" />
                <condition number="1" type="jump" coverage="0%" />
              </conditions>
            </line>
            <line number="369" hits="0" branch="False" />
            <line number="370" hits="0" branch="True" condition-coverage="0% (0/2)">
              <conditions>
                <condition number="0" type="jump" coverage="0%" />
              </conditions>
            </line>
            <line number="371" hits="0" branch="False" />
            <line number="372" hits="0" branch="False" />
            <line number="373" hits="0" branch="True" condition-coverage="0% (0/2)">
              <conditions>
                <condition number="0" type="jump" coverage="0%" />
              </conditions>
            </line>
            <line number="374" hits="0" branch="True" condition-coverage="0% (0/2)">
              <conditions>
                <condition number="0" type="jump" coverage="0%" />
              </conditions>
            </line>
            <line number="375" hits="0" branch="False" />
            <line number="376" hits="0" branch="False" />
            <line number="377" hits="0" branch="False" />
            <line number="378" hits="0" branch="True" condition-coverage="0% (0/2)">
              <conditions>
                <condition number="0" type="jump" coverage="0%" />
              </conditions>
            </line>
            <line number="379" hits="0" branch="False" />
            <line number="380" hits="0" branch="False" />
            <line number="381" hits="0" branch="False" />
            <line number="382" hits="0" branch="False" />
            <line number="383" hits="0" branch="False" />
            <line number="385" hits="0" branch="False" />
            <line number="386" hits="0" branch="False" />
            <line number="387" hits="0" branch="True" condition-coverage="0% (0/2)">
              <conditions>
                <condition number="0" type="jump" coverage="0%" />
              </conditions>
            </line>
            <line number="388" hits="0" branch="False" />
            <line number="389" hits="0" branch="False" />
            <line number="390" hits="0" branch="True" condition-coverage="0% (0/2)">
              <conditions>
                <condition number="0" type="jump" coverage="0%" />
              </conditions>
            </line>
            <line number="391" hits="0" branch="False" />
            <line number="392" hits="0" branch="True" condition-coverage="0% (0/4)">
              <conditions>
                <condition number="0" type="jump" coverage="0%" />
                <condition number="1" type="jump" coverage="0%" />
              </conditions>
            </line>
            <line number="393" hits="0" branch="True" condition-coverage="0% (0/2)">
              <conditions>
                <condition number="0" type="jump" coverage="0%" />
              </conditions>
            </line>
            <line number="394" hits="0" branch="False" />
            <line number="395" hits="0" branch="False" />
            <line number="397" hits="0" branch="True" condition-coverage="0% (0/2)">
              <conditions>
                <condition number="0" type="jump" coverage="0%" />
              </conditions>
            </line>
            <line number="398" hits="0" branch="False" />
            <line number="399" hits="0" branch="False" />
            <line number="400" hits="0" branch="False" />
            <line number="401" hits="0" branch="False" />
            <line number="402" hits="0" branch="False" />
            <line number="403" hits="0" branch="False" />
            <line number="404" hits="0" branch="False" />
            <line number="405" hits="0" branch="False" />
            <line number="407" hits="0" branch="True" condition-coverage="0% (0/6)">
              <conditions>
                <condition number="0" type="jump" coverage="0%" />
                <condition number="1" type="jump" coverage="0%" />
                <condition number="2" type="jump" coverage="0%" />
              </conditions>
            </line>
            <line number="408" hits="0" branch="False" />
            <line number="409" hits="0" branch="False" />
            <line number="410" hits="0" branch="False" />
            <line number="411" hits="0" branch="False" />
            <line number="413" hits="0" branch="True" condition-coverage="0% (0/8)">
              <conditions>
                <condition number="0" type="jump" coverage="0%" />
                <condition number="1" type="jump" coverage="0%" />
                <condition number="2" type="jump" coverage="0%" />
                <condition number="3" type="jump" coverage="0%" />
              </conditions>
            </line>
            <line number="414" hits="0" branch="False" />
            <line number="415" hits="0" branch="True" condition-coverage="0% (0/2)">
              <conditions>
                <condition number="0" type="jump" coverage="0%" />
              </conditions>
            </line>
            <line number="416" hits="0" branch="False" />
            <line number="417" hits="0" branch="False" />
            <line number="418" hits="0" branch="True" condition-coverage="0% (0/2)">
              <conditions>
                <condition number="0" type="jump" coverage="0%" />
              </conditions>
            </line>
            <line number="419" hits="0" branch="False" />
            <line number="420" hits="0" branch="False" />
            <line number="421" hits="0" branch="False" />
            <line number="422" hits="0" branch="False" />
            <line number="423" hits="0" branch="False" />
            <line number="424" hits="0" branch="False" />
            <line number="425" hits="0" branch="True" condition-coverage="0% (0/2)">
              <conditions>
                <condition number="0" type="jump" coverage="0%" />
              </conditions>
            </line>
            <line number="426" hits="0" branch="False" />
            <line number="427" hits="0" branch="False" />
            <line number="428" hits="0" branch="True" condition-coverage="0% (0/6)">
              <conditions>
                <condition number="0" type="jump" coverage="0%" />
                <condition number="1" type="jump" coverage="0%" />
                <condition number="2" type="jump" coverage="0%" />
              </conditions>
            </line>
            <line number="429" hits="0" branch="False" />
            <line number="430" hits="0" branch="False" />
            <line number="431" hits="0" branch="False" />
            <line number="432" hits="0" branch="False" />
            <line number="433" hits="0" branch="True" condition-coverage="0% (0/2)">
              <conditions>
                <condition number="0" type="jump" coverage="0%" />
              </conditions>
            </line>
            <line number="434" hits="0" branch="False" />
            <line number="435" hits="0" branch="True" condition-coverage="0% (0/2)">
              <conditions>
                <condition number="0" type="jump" coverage="0%" />
              </conditions>
            </line>
            <line number="436" hits="0" branch="False" />
            <line number="437" hits="0" branch="True" condition-coverage="0% (0/4)">
              <conditions>
                <condition number="0" type="jump" coverage="0%" />
                <condition number="1" type="jump" coverage="0%" />
              </conditions>
            </line>
            <line number="438" hits="0" branch="False" />
            <line number="439" hits="0" branch="False" />
            <line number="440" hits="0" branch="False" />
            <line number="441" hits="0" branch="True" condition-coverage="0% (0/2)">
              <conditions>
                <condition number="0" type="jump" coverage="0%" />
              </conditions>
            </line>
            <line number="442" hits="0" branch="False" />
            <line number="443" hits="0" branch="False" />
            <line number="444" hits="0" branch="False" />
            <line number="445" hits="0" branch="True" condition-coverage="0% (0/2)">
              <conditions>
                <condition number="0" type="jump" coverage="0%" />
              </conditions>
            </line>
            <line number="446" hits="0" branch="False" />
            <line number="447" hits="0" branch="True" condition-coverage="0% (0/2)">
              <conditions>
                <condition number="0" type="jump" coverage="0%" />
              </conditions>
            </line>
            <line number="448" hits="0" branch="False" />
            <line number="449" hits="0" branch="False" />
            <line number="450" hits="0" branch="True" condition-coverage="0% (0/4)">
              <conditions>
                <condition number="0" type="jump" coverage="0%" />
                <condition number="1" type="jump" coverage="0%" />
              </conditions>
            </line>
            <line number="451" hits="0" branch="False" />
            <line number="452" hits="0" branch="True" condition-coverage="0% (0/2)">
              <conditions>
                <condition number="0" type="jump" coverage="0%" />
              </conditions>
            </line>
            <line number="453" hits="0" branch="True" condition-coverage="0% (0/2)">
              <conditions>
                <condition number="0" type="jump" coverage="0%" />
              </conditions>
            </line>
            <line number="454" hits="0" branch="False" />
            <line number="455" hits="0" branch="False" />
            <line number="457" hits="0" branch="False" />
            <line number="458" hits="0" branch="True" condition-coverage="0% (0/2)">
              <conditions>
                <condition number="0" type="jump" coverage="0%" />
              </conditions>
            </line>
            <line number="459" hits="0" branch="False" />
            <line number="460" hits="0" branch="False" />
            <line number="461" hits="0" branch="False" />
            <line number="462" hits="0" branch="False" />
            <line number="463" hits="0" branch="False" />
            <line number="464" hits="0" branch="False" />
            <line number="466" hits="0" branch="False" />
            <line number="467" hits="0" branch="True" condition-coverage="0% (0/2)">
              <conditions>
                <condition number="0" type="jump" coverage="0%" />
              </conditions>
            </line>
            <line number="468" hits="0" branch="False" />
            <line number="469" hits="0" branch="False" />
            <line number="470" hits="0" branch="True" condition-coverage="0% (0/4)">
              <conditions>
                <condition number="0" type="jump" coverage="0%" />
                <condition number="1" type="jump" coverage="0%" />
              </conditions>
            </line>
            <line number="471" hits="0" branch="False" />
            <line number="472" hits="0" branch="False" />
            <line number="473" hits="0" branch="False" />
            <line number="474" hits="0" branch="False" />
            <line number="475" hits="0" branch="False" />
            <line number="476" hits="0" branch="False" />
            <line number="477" hits="0" branch="False" />
            <line number="479" hits="0" branch="False" />
            <line number="480" hits="0" branch="False" />
            <line number="483" hits="0" branch="False" />
            <line number="484" hits="0" branch="True" condition-coverage="0% (0/2)">
              <conditions>
                <condition number="0" type="jump" coverage="0%" />
              </conditions>
            </line>
            <line number="485" hits="0" branch="False" />
            <line number="486" hits="0" branch="True" condition-coverage="0% (0/2)">
              <conditions>
                <condition number="0" type="jump" coverage="0%" />
              </conditions>
            </line>
            <line number="487" hits="0" branch="False" />
            <line number="488" hits="0" branch="False" />
            <line number="491" hits="0" branch="False" />
            <line number="492" hits="0" branch="False" />
            <line number="495" hits="0" branch="True" condition-coverage="0% (0/2)">
              <conditions>
                <condition number="0" type="jump" coverage="0%" />
              </conditions>
            </line>
            <line number="496" hits="0" branch="False" />
            <line number="497" hits="0" branch="False" />
            <line number="500" hits="0" branch="False" />
            <line number="501" hits="0" branch="False" />
            <line number="503" hits="0" branch="False" />
          </lines>
        </class>
        <class line-rate="0" branch-rate="0" complexity="34" name="Microsoft.AspNetCore.OpenApi.Generated.&lt;OpenApiXmlCommentSupport_generated&gt;F6146E3D524EAFD584A4990C1841A2D3034A968B9FD035E624673A5F2696E0369__XmlCommentSchemaTransformer" filename="C:\Users\Mijael Ander\Documents\tallersoftware\gestionestadia\gestionhotel\MiProyectoBackend.Tests\obj\Debug\net10.0\Microsoft.AspNetCore.OpenApi.SourceGenerators\Microsoft.AspNetCore.OpenApi.SourceGenerators.XmlCommentGenerator\OpenApiXmlCommentSupport.generated.cs">
          <methods>
            <method line-rate="0" branch-rate="0" complexity="34" name="TransformAsync" signature="(Microsoft.OpenApi.OpenApiSchema, Microsoft.AspNetCore.OpenApi.OpenApiSchemaTransformerContext, System.Threading.CancellationToken)">
              <lines>
                <line number="510" hits="0" branch="False" />
                <line number="512" hits="0" branch="True" condition-coverage="0% (0/2)">
                  <conditions>
                    <condition number="0" type="jump" coverage="0%" />
                  </conditions>
                </line>
                <line number="513" hits="0" branch="False" />
                <line number="514" hits="0" branch="False" />
                <line number="515" hits="0" branch="True" condition-coverage="0% (0/4)">
                  <conditions>
                    <condition number="0" type="jump" coverage="0%" />
                    <condition number="1" type="jump" coverage="0%" />
                  </conditions>
                </line>
                <line number="516" hits="0" branch="False" />
                <line number="517" hits="0" branch="False" />
                <line number="518" hits="0" branch="False" />
                <line number="519" hits="0" branch="False" />
                <line number="521" hits="0" branch="True" condition-coverage="0% (0/4)">
                  <conditions>
                    <condition number="0" type="jump" coverage="0%" />
                    <condition number="1" type="jump" coverage="0%" />
                  </conditions>
                </line>
                <line number="522" hits="0" branch="False" />
                <line number="524" hits="0" branch="True" condition-coverage="0% (0/2)">
                  <conditions>
                    <condition number="0" type="jump" coverage="0%" />
                  </conditions>
                </line>
                <line number="525" hits="0" branch="False" />
                <line number="526" hits="0" branch="False" />
                <line number="527" hits="0" branch="True" condition-coverage="0% (0/4)">
                  <conditions>
                    <condition number="0" type="jump" coverage="0%" />
                    <condition number="1" type="jump" coverage="0%" />
                  </conditions>
                </line>
                <line number="528" hits="0" branch="False" />
                <line number="529" hits="0" branch="False" />
                <line number="530" hits="0" branch="False" />
                <line number="531" hits="0" branch="True" condition-coverage="0% (0/2)">
                  <conditions>
                    <condition number="0" type="jump" coverage="0%" />
                  </conditions>
                </line>
                <line number="532" hits="0" branch="False" />
                <line number="533" hits="0" branch="False" />
                <line number="534" hits="0" branch="False" />
                <line number="535" hits="0" branch="True" condition-coverage="0% (0/6)">
                  <conditions>
                    <condition number="0" type="jump" coverage="0%" />
                    <condition number="1" type="jump" coverage="0%" />
                    <condition number="2" type="jump" coverage="0%" />
                  </conditions>
                </line>
                <line number="536" hits="0" branch="False" />
                <line number="537" hits="0" branch="False" />
                <line number="538" hits="0" branch="False" />
                <line number="540" hits="0" branch="False" />
                <line number="541" hits="0" branch="True" condition-coverage="0% (0/4)">
                  <conditions>
                    <condition number="0" type="jump" coverage="0%" />
                    <condition number="1" type="jump" coverage="0%" />
                  </conditions>
                </line>
                <line number="542" hits="0" branch="False" />
                <line number="543" hits="0" branch="False" />
                <line number="544" hits="0" branch="False" />
                <line number="545" hits="0" branch="False" />
                <line number="547" hits="0" branch="False" />
                <line number="549" hits="0" branch="True" condition-coverage="0% (0/2)">
                  <conditions>
                    <condition number="0" type="jump" coverage="0%" />
                  </conditions>
                </line>
                <line number="550" hits="0" branch="False" />
                <line number="551" hits="0" branch="False" />
                <line number="552" hits="0" branch="False" />
                <line number="553" hits="0" branch="True" condition-coverage="0% (0/4)">
                  <conditions>
                    <condition number="0" type="jump" coverage="0%" />
                    <condition number="1" type="jump" coverage="0%" />
                  </conditions>
                </line>
                <line number="554" hits="0" branch="False" />
                <line number="555" hits="0" branch="False" />
                <line number="556" hits="0" branch="False" />
                <line number="557" hits="0" branch="False" />
                <line number="558" hits="0" branch="False" />
                <line number="559" hits="0" branch="False" />
                <line number="560" hits="0" branch="False" />
                <line number="561" hits="0" branch="False" />
              </lines>
            </method>
          </methods>
          <lines>
            <line number="510" hits="0" branch="False" />
            <line number="512" hits="0" branch="True" condition-coverage="0% (0/2)">
              <conditions>
                <condition number="0" type="jump" coverage="0%" />
              </conditions>
            </line>
            <line number="513" hits="0" branch="False" />
            <line number="514" hits="0" branch="False" />
            <line number="515" hits="0" branch="True" condition-coverage="0% (0/4)">
              <conditions>
                <condition number="0" type="jump" coverage="0%" />
                <condition number="1" type="jump" coverage="0%" />
              </conditions>
            </line>
            <line number="516" hits="0" branch="False" />
            <line number="517" hits="0" branch="False" />
            <line number="518" hits="0" branch="False" />
            <line number="519" hits="0" branch="False" />
            <line number="521" hits="0" branch="True" condition-coverage="0% (0/4)">
              <conditions>
                <condition number="0" type="jump" coverage="0%" />
                <condition number="1" type="jump" coverage="0%" />
              </conditions>
            </line>
            <line number="522" hits="0" branch="False" />
            <line number="524" hits="0" branch="True" condition-coverage="0% (0/2)">
              <conditions>
                <condition number="0" type="jump" coverage="0%" />
              </conditions>
            </line>
            <line number="525" hits="0" branch="False" />
            <line number="526" hits="0" branch="False" />
            <line number="527" hits="0" branch="True" condition-coverage="0% (0/4)">
              <conditions>
                <condition number="0" type="jump" coverage="0%" />
                <condition number="1" type="jump" coverage="0%" />
              </conditions>
            </line>
            <line number="528" hits="0" branch="False" />
            <line number="529" hits="0" branch="False" />
            <line number="530" hits="0" branch="False" />
            <line number="531" hits="0" branch="True" condition-coverage="0% (0/2)">
              <conditions>
                <condition number="0" type="jump" coverage="0%" />
              </conditions>
            </line>
            <line number="532" hits="0" branch="False" />
            <line number="533" hits="0" branch="False" />
            <line number="534" hits="0" branch="False" />
            <line number="535" hits="0" branch="True" condition-coverage="0% (0/6)">
              <conditions>
                <condition number="0" type="jump" coverage="0%" />
                <condition number="1" type="jump" coverage="0%" />
                <condition number="2" type="jump" coverage="0%" />
              </conditions>
            </line>
            <line number="536" hits="0" branch="False" />
            <line number="537" hits="0" branch="False" />
            <line number="538" hits="0" branch="False" />
            <line number="540" hits="0" branch="False" />
            <line number="541" hits="0" branch="True" condition-coverage="0% (0/4)">
              <conditions>
                <condition number="0" type="jump" coverage="0%" />
                <condition number="1" type="jump" coverage="0%" />
              </conditions>
            </line>
            <line number="542" hits="0" branch="False" />
            <line number="543" hits="0" branch="False" />
            <line number="544" hits="0" branch="False" />
            <line number="545" hits="0" branch="False" />
            <line number="547" hits="0" branch="False" />
            <line number="549" hits="0" branch="True" condition-coverage="0% (0/2)">
              <conditions>
                <condition number="0" type="jump" coverage="0%" />
              </conditions>
            </line>
            <line number="550" hits="0" branch="False" />
            <line number="551" hits="0" branch="False" />
            <line number="552" hits="0" branch="False" />
            <line number="553" hits="0" branch="True" condition-coverage="0% (0/4)">
              <conditions>
                <condition number="0" type="jump" coverage="0%" />
                <condition number="1" type="jump" coverage="0%" />
              </conditions>
            </line>
            <line number="554" hits="0" branch="False" />
            <line number="555" hits="0" branch="False" />
            <line number="556" hits="0" branch="False" />
            <line number="557" hits="0" branch="False" />
            <line number="558" hits="0" branch="False" />
            <line number="559" hits="0" branch="False" />
            <line number="560" hits="0" branch="False" />
            <line number="561" hits="0" branch="False" />
          </lines>
        </class>
        <class line-rate="0" branch-rate="0" complexity="2" name="Microsoft.AspNetCore.OpenApi.Generated.&lt;OpenApiXmlCommentSupport_generated&gt;F6146E3D524EAFD584A4990C1841A2D3034A968B9FD035E624673A5F2696E0369__JsonNodeExtensions" filename="C:\Users\Mijael Ander\Documents\tallersoftware\gestionestadia\gestionhotel\MiProyectoBackend.Tests\obj\Debug\net10.0\Microsoft.AspNetCore.OpenApi.SourceGenerators\Microsoft.AspNetCore.OpenApi.SourceGenerators.XmlCommentGenerator\OpenApiXmlCommentSupport.generated.cs">
          <methods>
            <method line-rate="0" branch-rate="0" complexity="2" name="Parse" signature="(string)">
              <lines>
                <line number="568" hits="0" branch="False" />
                <line number="569" hits="0" branch="True" condition-coverage="0% (0/2)">
                  <conditions>
                    <condition number="0" type="jump" coverage="0%" />
                  </conditions>
                </line>
                <line number="570" hits="0" branch="False" />
                <line number="571" hits="0" branch="False" />
                <line number="575" hits="0" branch="False" />
                <line number="576" hits="0" branch="False" />
                <line number="578" hits="0" branch="False" />
                <line number="579" hits="0" branch="False" />
                <line number="581" hits="0" branch="False" />
                <line number="583" hits="0" branch="False" />
                <line number="585" hits="0" branch="False" />
                <line number="586" hits="0" branch="False" />
                <line number="587" hits="0" branch="False" />
                <line number="590" hits="0" branch="False" />
              </lines>
            </method>
          </methods>
          <lines>
            <line number="568" hits="0" branch="False" />
            <line number="569" hits="0" branch="True" condition-coverage="0% (0/2)">
              <conditions>
                <condition number="0" type="jump" coverage="0%" />
              </conditions>
            </line>
            <line number="570" hits="0" branch="False" />
            <line number="571" hits="0" branch="False" />
            <line number="575" hits="0" branch="False" />
            <line number="576" hits="0" branch="False" />
            <line number="578" hits="0" branch="False" />
            <line number="579" hits="0" branch="False" />
            <line number="581" hits="0" branch="False" />
            <line number="583" hits="0" branch="False" />
            <line number="585" hits="0" branch="False" />
            <line number="586" hits="0" branch="False" />
            <line number="587" hits="0" branch="False" />
            <line number="590" hits="0" branch="False" />
          </lines>
        </class>
        <class line-rate="0" branch-rate="1" complexity="1" name="System.Runtime.CompilerServices.&lt;OpenApiXmlCommentSupport_generated&gt;F6146E3D524EAFD584A4990C1841A2D3034A968B9FD035E624673A5F2696E0369__InterceptsLocationAttribute" filename="C:\Users\Mijael Ander\Documents\tallersoftware\gestionestadia\gestionhotel\MiProyectoBackend.Tests\obj\Debug\net10.0\Microsoft.AspNetCore.OpenApi.SourceGenerators\Microsoft.AspNetCore.OpenApi.SourceGenerators.XmlCommentGenerator\OpenApiXmlCommentSupport.generated.cs">
          <methods>
            <method line-rate="0" branch-rate="1" complexity="1" name=".ctor" signature="(int, string)">
              <lines>
                <line number="20" hits="0" branch="False" />
                <line number="21" hits="0" branch="False" />
                <line number="22" hits="0" branch="False" />
              </lines>
            </method>
          </methods>
          <lines>
            <line number="20" hits="0" branch="False" />
            <line number="21" hits="0" branch="False" />
            <line number="22" hits="0" branch="False" />
          </lines>
        </class>
        <class line-rate="1" branch-rate="1" complexity="1" name="MiProyectoBackend.Tests.UnitTest1" filename="C:\Users\Mijael Ander\Documents\tallersoftware\gestionestadia\gestionhotel\MiProyectoBackend.Tests\UnitTest1.cs">
          <methods>
            <method line-rate="1" branch-rate="1" complexity="1" name="Test1" signature="()">
              <lines>
                <line number="7" hits="1" branch="False" />
                <line number="8" hits="1" branch="False" />
                <line number="9" hits="1" branch="False" />
              </lines>
            </method>
          </methods>
          <lines>
            <line number="7" hits="1" branch="False" />
            <line number="8" hits="1" branch="False" />
            <line number="9" hits="1" branch="False" />
          </lines>
        </class>
        <class line-rate="0" branch-rate="1" complexity="1" name="Microsoft.AspNetCore.OpenApi.Generated.&lt;OpenApiXmlCommentSupport_generated&gt;F6146E3D524EAFD584A4990C1841A2D3034A968B9FD035E624673A5F2696E0369__XmlCommentOperationTransformer.&lt;&gt;c__DisplayClass0_0" filename="C:\Users\Mijael Ander\Documents\tallersoftware\gestionestadia\gestionhotel\MiProyectoBackend.Tests\obj\Debug\net10.0\Microsoft.AspNetCore.OpenApi.SourceGenerators\Microsoft.AspNetCore.OpenApi.SourceGenerators.XmlCommentGenerator\OpenApiXmlCommentSupport.generated.cs">
          <methods>
            <method line-rate="0" branch-rate="1" complexity="1" name="&lt;TransformAsync&gt;b__0" signature="(System.Reflection.ParameterInfo)">
              <lines>
                <line number="372" hits="0" branch="False" />
              </lines>
            </method>
            <method line-rate="0" branch-rate="1" complexity="1" name="&lt;TransformAsync&gt;b__1" signature="(Microsoft.OpenApi.IOpenApiParameter)">
              <lines>
                <line number="373" hits="0" branch="False" />
              </lines>
            </method>
          </methods>
          <lines>
            <line number="372" hits="0" branch="False" />
            <line number="373" hits="0" branch="False" />
          </lines>
        </class>
        <class line-rate="0" branch-rate="1" complexity="1" name="Microsoft.AspNetCore.OpenApi.Generated.&lt;OpenApiXmlCommentSupport_generated&gt;F6146E3D524EAFD584A4990C1841A2D3034A968B9FD035E624673A5F2696E0369__XmlCommentOperationTransformer.&lt;&gt;c__DisplayClass0_1" filename="C:\Users\Mijael Ander\Documents\tallersoftware\gestionestadia\gestionhotel\MiProyectoBackend.Tests\obj\Debug\net10.0\Microsoft.AspNetCore.OpenApi.SourceGenerators\Microsoft.AspNetCore.OpenApi.SourceGenerators.XmlCommentGenerator\OpenApiXmlCommentSupport.generated.cs">
          <methods>
            <method line-rate="0" branch-rate="1" complexity="1" name="&lt;TransformAsync&gt;b__2" signature="(Microsoft.AspNetCore.OpenApi.Generated.&lt;OpenApiXmlCommentSupport_generated&gt;F6146E3D524EAFD584A4990C1841A2D3034A968B9FD035E624673A5F2696E0369__XmlResponseComment)">
              <lines>
                <line number="417" hits="0" branch="False" />
              </lines>
            </method>
          </methods>
          <lines>
            <line number="417" hits="0" branch="False" />
          </lines>
        </class>
        <class line-rate="0" branch-rate="1" complexity="1" name="Microsoft.AspNetCore.OpenApi.Generated.&lt;OpenApiXmlCommentSupport_generated&gt;F6146E3D524EAFD584A4990C1841A2D3034A968B9FD035E624673A5F2696E0369__XmlCommentOperationTransformer.&lt;&gt;c__DisplayClass0_2" filename="C:\Users\Mijael Ander\Documents\tallersoftware\gestionestadia\gestionhotel\MiProyectoBackend.Tests\obj\Debug\net10.0\Microsoft.AspNetCore.OpenApi.SourceGenerators\Microsoft.AspNetCore.OpenApi.SourceGenerators.XmlCommentGenerator\OpenApiXmlCommentSupport.generated.cs">
          <methods>
            <method line-rate="0" branch-rate="1" complexity="1" name="&lt;TransformAsync&gt;b__3" signature="(Microsoft.OpenApi.IOpenApiParameter)">
              <lines>
                <line number="435" hits="0" branch="False" />
              </lines>
            </method>
          </methods>
          <lines>
            <line number="435" hits="0" branch="False" />
          </lines>
        </class>
      </classes>
    </package>
  </packages>
</coverage>